2019/4/3 12:47:13
 
Log
The Agent component attached to the GameObject Human_agent(Clone) was initialized without a brain.
UnityEngine.Debug:Log(Object)
MLAgents.Agent:OnEnableHelper(Academy) (at D:/Unity/unity_workspace/train_Gail_RrainReplay/train_gail_replay/Assets/ML-Agents/Scripts/Agent.cs:306)
MLAgents.Agent:OnEnable() (at D:/Unity/unity_workspace/train_Gail_RrainReplay/train_gail_replay/Assets/ML-Agents/Scripts/Agent.cs:278)
UnityEngine.Object:Instantiate(GameObject)
Train_Controller:AgentAction(Single[], String) (at D:/Unity/unity_workspace/train_Gail_RrainReplay/train_gail_replay/Assets/Scenes/replay/Train_Controller.cs:139)
MLAgents.Agent:AgentStep() (at D:/Unity/unity_workspace/train_Gail_RrainReplay/train_gail_replay/Assets/ML-Agents/Scripts/Agent.cs:966)
MLAgents.Academy:EnvironmentStep() (at D:/Unity/unity_workspace/train_Gail_RrainReplay/train_gail_replay/Assets/ML-Agents/Scripts/Academy.cs:588)
MLAgents.Academy:FixedUpdate() (at D:/Unity/unity_workspace/train_Gail_RrainReplay/train_gail_replay/Assets/ML-Agents/Scripts/Academy.cs:610)

Log
The Agent component attached to the GameObject Env_Human_agent(Clone) was initialized without a brain.
UnityEngine.Debug:Log(Object)
MLAgents.Agent:OnEnableHelper(Academy) (at D:/Unity/unity_workspace/train_Gail_RrainReplay/train_gail_replay/Assets/ML-Agents/Scripts/Agent.cs:306)
MLAgents.Agent:OnEnable() (at D:/Unity/unity_workspace/train_Gail_RrainReplay/train_gail_replay/Assets/ML-Agents/Scripts/Agent.cs:278)
UnityEngine.Object:Instantiate(GameObject)
Train_Controller:AgentAction(Single[], String) (at D:/Unity/unity_workspace/train_Gail_RrainReplay/train_gail_replay/Assets/Scenes/replay/Train_Controller.cs:153)
MLAgents.Agent:AgentStep() (at D:/Unity/unity_workspace/train_Gail_RrainReplay/train_gail_replay/Assets/ML-Agents/Scripts/Agent.cs:966)
MLAgents.Academy:EnvironmentStep() (at D:/Unity/unity_workspace/train_Gail_RrainReplay/train_gail_replay/Assets/ML-Agents/Scripts/Academy.cs:588)
MLAgents.Academy:FixedUpdate() (at D:/Unity/unity_workspace/train_Gail_RrainReplay/train_gail_replay/Assets/ML-Agents/Scripts/Academy.cs:610)

Log
The Agent component attached to the GameObject Env_Human_agent(Clone) was initialized without a brain.
UnityEngine.Debug:Log(Object)
MLAgents.Agent:OnEnableHelper(Academy) (at D:/Unity/unity_workspace/train_Gail_RrainReplay/train_gail_replay/Assets/ML-Agents/Scripts/Agent.cs:306)
MLAgents.Agent:OnEnable() (at D:/Unity/unity_workspace/train_Gail_RrainReplay/train_gail_replay/Assets/ML-Agents/Scripts/Agent.cs:278)
UnityEngine.Object:Instantiate(GameObject)
Train_Controller:AgentAction(Single[], String) (at D:/Unity/unity_workspace/train_Gail_RrainReplay/train_gail_replay/Assets/Scenes/replay/Train_Controller.cs:153)
MLAgents.Agent:AgentStep() (at D:/Unity/unity_workspace/train_Gail_RrainReplay/train_gail_replay/Assets/ML-Agents/Scripts/Agent.cs:966)
MLAgents.Academy:EnvironmentStep() (at D:/Unity/unity_workspace/train_Gail_RrainReplay/train_gail_replay/Assets/ML-Agents/Scripts/Academy.cs:588)
MLAgents.Academy:FixedUpdate() (at D:/Unity/unity_workspace/train_Gail_RrainReplay/train_gail_replay/Assets/ML-Agents/Scripts/Academy.cs:610)

Log
The Agent component attached to the GameObject Env_Human_agent(Clone) was initialized without a brain.
UnityEngine.Debug:Log(Object)
MLAgents.Agent:OnEnableHelper(Academy) (at D:/Unity/unity_workspace/train_Gail_RrainReplay/train_gail_replay/Assets/ML-Agents/Scripts/Agent.cs:306)
MLAgents.Agent:OnEnable() (at D:/Unity/unity_workspace/train_Gail_RrainReplay/train_gail_replay/Assets/ML-Agents/Scripts/Agent.cs:278)
UnityEngine.Object:Instantiate(GameObject)
Train_Controller:AgentAction(Single[], String) (at D:/Unity/unity_workspace/train_Gail_RrainReplay/train_gail_replay/Assets/Scenes/replay/Train_Controller.cs:153)
MLAgents.Agent:AgentStep() (at D:/Unity/unity_workspace/train_Gail_RrainReplay/train_gail_replay/Assets/ML-Agents/Scripts/Agent.cs:966)
MLAgents.Academy:EnvironmentStep() (at D:/Unity/unity_workspace/train_Gail_RrainReplay/train_gail_replay/Assets/ML-Agents/Scripts/Academy.cs:588)
MLAgents.Academy:FixedUpdate() (at D:/Unity/unity_workspace/train_Gail_RrainReplay/train_gail_replay/Assets/ML-Agents/Scripts/Academy.cs:610)

Log
The Agent component attached to the GameObject Env_Human_agent(Clone) was initialized without a brain.
UnityEngine.Debug:Log(Object)
MLAgents.Agent:OnEnableHelper(Academy) (at D:/Unity/unity_workspace/train_Gail_RrainReplay/train_gail_replay/Assets/ML-Agents/Scripts/Agent.cs:306)
MLAgents.Agent:OnEnable() (at D:/Unity/unity_workspace/train_Gail_RrainReplay/train_gail_replay/Assets/ML-Agents/Scripts/Agent.cs:278)
UnityEngine.Object:Instantiate(GameObject)
Train_Controller:AgentAction(Single[], String) (at D:/Unity/unity_workspace/train_Gail_RrainReplay/train_gail_replay/Assets/Scenes/replay/Train_Controller.cs:153)
MLAgents.Agent:AgentStep() (at D:/Unity/unity_workspace/train_Gail_RrainReplay/train_gail_replay/Assets/ML-Agents/Scripts/Agent.cs:966)
MLAgents.Academy:EnvironmentStep() (at D:/Unity/unity_workspace/train_Gail_RrainReplay/train_gail_replay/Assets/ML-Agents/Scripts/Academy.cs:588)
MLAgents.Academy:FixedUpdate() (at D:/Unity/unity_workspace/train_Gail_RrainReplay/train_gail_replay/Assets/ML-Agents/Scripts/Academy.cs:610)

Log
The Agent component attached to the GameObject Env_Human_agent(Clone) was initialized without a brain.
UnityEngine.Debug:Log(Object)
MLAgents.Agent:OnEnableHelper(Academy) (at D:/Unity/unity_workspace/train_Gail_RrainReplay/train_gail_replay/Assets/ML-Agents/Scripts/Agent.cs:306)
MLAgents.Agent:OnEnable() (at D:/Unity/unity_workspace/train_Gail_RrainReplay/train_gail_replay/Assets/ML-Agents/Scripts/Agent.cs:278)
UnityEngine.Object:Instantiate(GameObject)
Train_Controller:AgentAction(Single[], String) (at D:/Unity/unity_workspace/train_Gail_RrainReplay/train_gail_replay/Assets/Scenes/replay/Train_Controller.cs:153)
MLAgents.Agent:AgentStep() (at D:/Unity/unity_workspace/train_Gail_RrainReplay/train_gail_replay/Assets/ML-Agents/Scripts/Agent.cs:966)
MLAgents.Academy:EnvironmentStep() (at D:/Unity/unity_workspace/train_Gail_RrainReplay/train_gail_replay/Assets/ML-Agents/Scripts/Academy.cs:588)
MLAgents.Academy:FixedUpdate() (at D:/Unity/unity_workspace/train_Gail_RrainReplay/train_gail_replay/Assets/ML-Agents/Scripts/Academy.cs:610)

